<?xml version="1.0" encoding="UTF-8"?>
<!-- Generated by org.testng.reporters.JUnitReportReporter -->
<testsuite hostname="JITHINs-Air.bbrouter" failures="0" tests="2" name="test_Package.Advantage_homeTest" time="8.769" errors="0" timestamp="2025-05-30T13:21:47 IST" skipped="0">
  <testcase classname="test_Package.Advantage_homeTest" name="Sel_Test" time="8.749"/>
  <testcase classname="test_Package.Advantage_homeTest" name="title_Test" time="0.020"/>
</testsuite> <!-- test_Package.Advantage_homeTest -->
