<?xml version="1.0" encoding="UTF-8"?>
<!-- Generated by org.testng.reporters.JUnitReportReporter -->
<testsuite hostname="JITHINs-MacBook-Air.local" failures="0" tests="2" name="test_Package.Advantage_cartTest" time="14.208" errors="0" timestamp="2025-05-15T17:22:17 IST" skipped="0">
  <testcase classname="test_Package.Advantage_cartTest" name="test_Cart" time="9.893"/>
  <testcase classname="test_Package.Advantage_cartTest" name="slider" time="4.315"/>
</testsuite> <!-- test_Package.Advantage_cartTest -->
