<?xml version="1.0" encoding="UTF-8"?>
<!-- Generated by org.testng.reporters.JUnitReportReporter -->
<testsuite hostname="JITHINs-Air.bbrouter" failures="0" tests="4" name="test_Package.Advantage_productpageTest" time="32.060" errors="0" timestamp="2025-05-30T13:21:47 IST" skipped="0">
  <testcase classname="test_Package.Advantage_productpageTest" name="test_navigation" time="8.344"/>
  <testcase classname="test_Package.Advantage_productpageTest" name="slider" time="8.024"/>
  <testcase classname="test_Package.Advantage_productpageTest" name="checkOut" time="10.486"/>
  <testcase classname="test_Package.Advantage_productpageTest" name="pay_n_Print" time="5.206"/>
</testsuite> <!-- test_Package.Advantage_productpageTest -->
